<?xml version="1.0" encoding="UTF-8"?>
<!-- Generated by org.testng.reporters.JUnitXMLReporter -->
<testsuite ignored="0" hostname="MAC-AZR-176" failures="0" tests="4" name="Default test" time="10.37" errors="0" timestamp="2025-02-03T18:13:32 IST">
  <testcase classname="api.test.UserTests" name="testPostUser" time="4.821"/>
  <testcase classname="api.test.UserTests" name="testGetUserByName" time="1.313"/>
  <testcase classname="api.test.UserTests" name="testupdateUserByName" time="2.737"/>
  <testcase classname="api.test.UserTests" name="testDeleteUserByName" time="1.264"/>
</testsuite> <!-- Default test -->
