<?xml version="1.0" encoding="UTF-8"?>
<!-- Generated by org.testng.reporters.JUnitXMLReporter -->
<testsuite ignored="0" hostname="MAC-AZR-171" failures="0" tests="3" name="Default test" time="7.26" errors="0" timestamp="2025-02-12T11:04:19 IST">
  <testcase classname="api.test.StoreTest" name="storePostOder" time="4.537"/>
  <testcase classname="api.test.StoreTest" name="storeGetByOderId" time="1.319"/>
  <testcase classname="api.test.StoreTest" name="storeDeleteUserByName" time="1.29"/>
</testsuite> <!-- Default test -->
