<?xml version="1.0" encoding="UTF-8"?>
<!-- Generated by org.testng.reporters.JUnitXMLReporter -->
<testsuite ignored="0" hostname="MAC-AZR-171" failures="0" tests="3" name="Test" time="8.729" errors="0" timestamp="2025-02-11T12:22:26 IST">
  <testcase classname="api.test.StoreTest" name="storePostOder" time="5.439"/>
  <testcase classname="api.test.StoreTest" name="storeGetByOderId" time="1.356"/>
  <testcase classname="api.test.StoreTest" name="storeDeleteUserByName" time="1.318"/>
</testsuite> <!-- Test -->
