<?xml version="1.0" encoding="UTF-8"?>
<!-- Generated by org.testng.reporters.JUnitXMLReporter -->
<testsuite ignored="0" hostname="MAC-AZR-176" failures="0" tests="4" name="Test" time="10.442" errors="0" timestamp="2025-02-03T18:15:54 IST">
  <testcase classname="api.test.UserTests" name="testPostUser" time="4.621"/>
  <testcase classname="api.test.UserTests" name="testGetUserByName" time="1.38"/>
  <testcase classname="api.test.UserTests" name="testupdateUserByName" time="2.634"/>
  <testcase classname="api.test.UserTests" name="testDeleteUserByName" time="1.339"/>
</testsuite> <!-- Test -->
