<?xml version="1.0" encoding="UTF-8"?>
<testng-results ignored="0" total="4" passed="4" failed="0" skipped="0">
  <reporter-output>
  </reporter-output>
  <suite started-at="2025-02-03T18:51:04 IST" name="Suite" finished-at="2025-02-03T18:51:15 IST" duration-ms="11368">
    <groups>
    </groups>
    <test started-at="2025-02-03T18:51:04 IST" name="Test" finished-at="2025-02-03T18:51:15 IST" duration-ms="11368">
      <class name="api.test.UserTests">
        <test-method is-config="true" signature="setup()[pri:0, instance:api.test.UserTests@260e86a1]" started-at="2025-02-03T18:51:04 IST" name="setup" finished-at="2025-02-03T18:51:05 IST" duration-ms="256" status="PASS">
          <reporter-output>
          </reporter-output>
        </test-method> <!-- setup -->
        <test-method signature="testPostUser()[pri:1, instance:api.test.UserTests@260e86a1]" started-at="2025-02-03T18:51:05 IST" name="testPostUser" finished-at="2025-02-03T18:51:10 IST" duration-ms="4994" status="PASS">
          <reporter-output>
          </reporter-output>
        </test-method> <!-- testPostUser -->
        <test-method signature="testGetUserByName()[pri:2, instance:api.test.UserTests@260e86a1]" started-at="2025-02-03T18:51:10 IST" name="testGetUserByName" finished-at="2025-02-03T18:51:11 IST" duration-ms="1492" status="PASS">
          <reporter-output>
          </reporter-output>
        </test-method> <!-- testGetUserByName -->
        <test-method signature="testupdateUserByName()[pri:3, instance:api.test.UserTests@260e86a1]" started-at="2025-02-03T18:51:11 IST" name="testupdateUserByName" finished-at="2025-02-03T18:51:14 IST" duration-ms="2916" status="PASS">
          <reporter-output>
          </reporter-output>
        </test-method> <!-- testupdateUserByName -->
        <test-method signature="testDeleteUserByName()[pri:4, instance:api.test.UserTests@260e86a1]" started-at="2025-02-03T18:51:14 IST" name="testDeleteUserByName" finished-at="2025-02-03T18:51:15 IST" duration-ms="1410" status="PASS">
          <reporter-output>
          </reporter-output>
        </test-method> <!-- testDeleteUserByName -->
      </class> <!-- api.test.UserTests -->
    </test> <!-- Test -->
  </suite> <!-- Suite -->
</testng-results>
