<?xml version="1.0" encoding="UTF-8"?>
<testsuite xmlns:xsi="http://www.w3.org/2001/XMLSchema-instance" xsi:noNamespaceSchemaLocation="https://maven.apache.org/surefire/maven-surefire-plugin/xsd/surefire-test-report.xsd" version="3.0.2" name="TestSuite" time="12.92" tests="4" errors="0" skipped="0" failures="0">
  <properties>
[...]
</properties>
  <testcase name="testPostUser" classname="api.test.UserTests" time="5.011">
    <system-out><![CDATA[HTTP/1.1 200 OK
Date: Mon, 03 Feb 2025 13:21:09 GMT
Content-Type: application/json
Transfer-Encoding: chunked
Connection: keep-alive
Access-Control-Allow-Origin: *
Access-Control-Allow-Methods: GET, POST, DELETE, PUT
Access-Control-Allow-Headers: Content-Type, api_key, Authorization
Server: Jetty(9.2.9.v20150224)

{
    "code": 200,
    "type": "unknown",
    "message": "936628786"
}
]]></system-out>
  </testcase>
  <testcase name="testGetUserByName" classname="api.test.UserTests" time="1.481">
    <system-out><![CDATA[HTTP/1.1 200 OK
Date: Mon, 03 Feb 2025 13:21:10 GMT
Content-Type: application/json
Transfer-Encoding: chunked
Connection: keep-alive
Access-Control-Allow-Origin: *
Access-Control-Allow-Methods: GET, POST, DELETE, PUT
Access-Control-Allow-Headers: Content-Type, api_key, Authorization
Server: Jetty(9.2.9.v20150224)

{
    "id": 936628786,
    "username": "kendrick.oberbrunner",
    "firstName": "Barrett",
    "lastName": "Nolan",
    "email": "don.bins@gmail.com",
    "password": "8hnnozsip2quc0",
    "phone": "1-578-692-3697",
    "userStatus": 0
}
]]></system-out>
  </testcase>
  <testcase name="testupdateUserByName" classname="api.test.UserTests" time="2.916">
    <system-out><![CDATA[{
    "code": 200,
    "type": "unknown",
    "message": "936628786"
}
HTTP/1.1 200 OK
Date: Mon, 03 Feb 2025 13:21:13 GMT
Content-Type: application/json
Transfer-Encoding: chunked
Connection: keep-alive
Access-Control-Allow-Origin: *
Access-Control-Allow-Methods: GET, POST, DELETE, PUT
Access-Control-Allow-Headers: Content-Type, api_key, Authorization
Server: Jetty(9.2.9.v20150224)

{
    "id": 936628786,
    "username": "kendrick.oberbrunner",
    "firstName": "Shauna",
    "lastName": "Shanahan",
    "email": "aurea.skiles@hotmail.com",
    "password": "8hnnozsip2quc0",
    "phone": "1-578-692-3697",
    "userStatus": 0
}
]]></system-out>
  </testcase>
  <testcase name="testDeleteUserByName" classname="api.test.UserTests" time="1.412"/>
</testsuite>