<?xml version="1.0" encoding="UTF-8"?>
<testng-results ignored="0" total="4" passed="4" failed="0" skipped="0">
  <reporter-output>
  </reporter-output>
  <suite started-at="2025-02-06T16:50:39 IST" name="Default suite" finished-at="2025-02-06T16:50:48 IST" duration-ms="9631">
    <groups>
    </groups>
    <test started-at="2025-02-06T16:50:39 IST" name="Default test" finished-at="2025-02-06T16:50:48 IST" duration-ms="9631">
      <class name="api.test.PetTests">
        <test-method is-config="true" signature="setup()[pri:0, instance:api.test.PetTests@62e70ea3]" started-at="2025-02-06T16:50:39 IST" name="setup" finished-at="2025-02-06T16:50:39 IST" duration-ms="180" status="PASS">
          <reporter-output>
          </reporter-output>
        </test-method> <!-- setup -->
        <test-method signature="testPostUser()[pri:1, instance:api.test.PetTests@62e70ea3]" started-at="2025-02-06T16:50:39 IST" name="testPostUser" finished-at="2025-02-06T16:50:43 IST" duration-ms="4093" status="PASS">
          <reporter-output>
          </reporter-output>
        </test-method> <!-- testPostUser -->
        <test-method signature="testGetUserByName()[pri:2, instance:api.test.PetTests@62e70ea3]" started-at="2025-02-06T16:50:43 IST" name="testGetUserByName" finished-at="2025-02-06T16:50:44 IST" duration-ms="1350" status="PASS">
          <reporter-output>
          </reporter-output>
        </test-method> <!-- testGetUserByName -->
        <test-method signature="testupdateUserByName()[pri:3, instance:api.test.PetTests@62e70ea3]" started-at="2025-02-06T16:50:44 IST" name="testupdateUserByName" finished-at="2025-02-06T16:50:47 IST" duration-ms="2644" status="PASS">
          <reporter-output>
          </reporter-output>
        </test-method> <!-- testupdateUserByName -->
        <test-method signature="testDeleteUserByName()[pri:4, instance:api.test.PetTests@62e70ea3]" started-at="2025-02-06T16:50:47 IST" name="testDeleteUserByName" finished-at="2025-02-06T16:50:48 IST" duration-ms="1320" status="PASS">
          <reporter-output>
          </reporter-output>
        </test-method> <!-- testDeleteUserByName -->
      </class> <!-- api.test.PetTests -->
    </test> <!-- Default test -->
  </suite> <!-- Default suite -->
</testng-results>
