<?xml version="1.0" encoding="UTF-8"?>
<testng-results ignored="0" total="3" passed="3" failed="0" skipped="0">
  <reporter-output>
  </reporter-output>
  <suite started-at="2025-02-12T11:04:11 IST" name="Default suite" finished-at="2025-02-12T11:04:19 IST" duration-ms="7260">
    <groups>
    </groups>
    <test started-at="2025-02-12T11:04:11 IST" name="Default test" finished-at="2025-02-12T11:04:19 IST" duration-ms="7260">
      <class name="api.test.StoreTest">
        <test-method is-config="true" signature="setup()[pri:0, instance:api.test.StoreTest@23aa363a]" started-at="2025-02-12T11:04:11 IST" name="setup" finished-at="2025-02-12T11:04:11 IST" duration-ms="59" status="PASS">
          <reporter-output>
          </reporter-output>
        </test-method> <!-- setup -->
        <test-method signature="storePostOder()[pri:1, instance:api.test.StoreTest@23aa363a]" started-at="2025-02-12T11:04:11 IST" name="storePostOder" finished-at="2025-02-12T11:04:16 IST" duration-ms="4537" status="PASS">
          <reporter-output>
          </reporter-output>
        </test-method> <!-- storePostOder -->
        <test-method signature="storeGetByOderId()[pri:2, instance:api.test.StoreTest@23aa363a]" started-at="2025-02-12T11:04:16 IST" name="storeGetByOderId" finished-at="2025-02-12T11:04:17 IST" duration-ms="1319" status="PASS">
          <reporter-output>
          </reporter-output>
        </test-method> <!-- storeGetByOderId -->
        <test-method signature="storeDeleteUserByName()[pri:4, instance:api.test.StoreTest@23aa363a]" started-at="2025-02-12T11:04:17 IST" name="storeDeleteUserByName" finished-at="2025-02-12T11:04:19 IST" duration-ms="1290" status="PASS">
          <reporter-output>
          </reporter-output>
        </test-method> <!-- storeDeleteUserByName -->
      </class> <!-- api.test.StoreTest -->
    </test> <!-- Default test -->
  </suite> <!-- Default suite -->
</testng-results>
